## ДЗ 7

Пошаговая инструкция:
1. Развернуть ВМ (Linux) с PostgreSQL
2. Залить Тайские перевозки https://github.com/aeuge/postgres16book/tree/main/database
3. Проверить скорость выполнения сложного запроса (приложен в конце файла скриптов)
4. Навесить индексы на внешние ключ (все джоины идут на внешние ключи) (create index for unique key, запускаем запрос, смотрим, помог/не помог)
5. Проверить, помогли ли индексы на внешние ключи ускориться

## Решение:

Разворачивал в [докере](../docker-compose.yaml). Подготавливаем данные
```bash
# поднимаем компоуз и заходим в контейнер
docker-compose up -d
docker exec -it postgres bash

# ставим вим и вгет для того чтобы получить данные
apt-get update
apt install vim wget

su postgres
cd ~ && wget https://storage.googleapis.com/thaibus/thai_small.tar.gz && tar -xf thai_small.tar.gz && psql < thai.sql
psql thai


cat >> /tmp/data/query.sql << EOL
EXPLAIN ANALYZE
WITH all_place AS (
    SELECT count(s.id) as all_place, s.fkbus as fkbus
    FROM book.seat s
    group by s.fkbus
),
order_place AS (
    SELECT count(t.id) as order_place, t.fkride
    FROM book.tickets t
    group by t.fkride
)
SELECT r.id, r.startdate as depart_date, bs.city || ', ' || bs.name as busstation,  
      t.order_place, st.all_place
FROM book.ride r
JOIN book.schedule as s
      on r.fkschedule = s.id
JOIN book.busroute br
      on s.fkroute = br.id
JOIN book.busstation bs
      on br.fkbusstationfrom = bs.id
JOIN order_place t
      on t.fkride = r.id
JOIN all_place st
      on r.fkbus = st.fkbus
GROUP BY r.id, r.startdate, bs.city || ', ' || bs.name, t.order_place,st.all_place
ORDER BY r.startdate
limit 10;
EOL
```
Теперь непосредственно само задание
```sql
psql thai -f /tmp/data/query.sql -o /tmp/data/results_wo_index.txt

-- посмотрим, что у нас вышло в seq scan, таких записей 4
->  Parallel Seq Scan on tickets t  (cost=0.00..80579.15 rows=2160315 width=12) (actual time=0.146..308.632 rows=1728502 loops=3)
->  Seq Scan on schedule s  (cost=0.00..25.40 rows=1440 width=8) (actual time=0.039..0.269 rows=1440 loops=1)
->  Seq Scan on busroute br  (cost=0.00..1.60 rows=60 width=8) (actual time=0.009..0.014 rows=60 loops=1)
->  Seq Scan on seat s_1  (cost=0.00..4.00 rows=200 width=8) (actual time=0.031..0.070 rows=200 loops=1)

-- посмотрим существующие индексы
SELECT indexname, indexdef 
FROM pg_indexes 
WHERE tablename in (
    'ride',
    'schedule',
    'busroute',
    'busstation',
    'seat',
    'tickets'
);
/*
    indexname    |                                indexdef                                 
-----------------+-------------------------------------------------------------------------
 busroute_pkey   | CREATE UNIQUE INDEX busroute_pkey ON book.busroute USING btree (id)
 busstation_pkey | CREATE UNIQUE INDEX busstation_pkey ON book.busstation USING btree (id)
 ride_pkey       | CREATE UNIQUE INDEX ride_pkey ON book.ride USING btree (id)
 schedule_pkey   | CREATE UNIQUE INDEX schedule_pkey ON book.schedule USING btree (id)
 seat_pkey       | CREATE UNIQUE INDEX seat_pkey ON book.seat USING btree (id)
 tickets_pkey    | CREATE UNIQUE INDEX tickets_pkey ON book.tickets USING btree (id)
(6 rows)
*/

-- накатим индексы
psql thai
create index schedule_id_idx on book.schedule(id);
create index busroute_id_idx on book.busroute(id);
create index busstation_id_idx on book.busstation(id);
CREATE INDEX ride_fkschedule_fk_idx on book.ride(fkschedule);
CREATE INDEX schedule_fkroute_fk_idx on book.schedule(fkroute);
CREATE INDEX busroute_fkbusstationfrom_fk_idx on book.busroute(fkbusstationfrom);
CREATE INDEX tickets_fkride_fk_idx on book.tickets(fkride);
CREATE INDEX seat_fkbus_fk_idx on book.seat(fkbus);


psql thai -f /tmp/data//query.sql -o /tmp/data/results_with_index.txt
/*
                                                                                                 QUERY PLAN                                                                                                  
-------------------------------------------------------------------------------------------------------------------------------------------------------------------------------------------------------------
 Limit  (cost=329298.13..329298.15 rows=10 width=56) (actual time=1405.769..1405.987 rows=10 loops=1)
   ->  Sort  (cost=329298.13..329658.93 rows=144321 width=56) (actual time=1369.261..1369.478 rows=10 loops=1)
         Sort Key: r.startdate
         Sort Method: top-N heapsort  Memory: 25kB
         ->  Group  (cost=323653.79..326179.40 rows=144321 width=56) (actual time=1287.588..1344.916 rows=144000 loops=1)
               Group Key: r.id, (((bs.city || ', '::text) || bs.name)), (count(t.id)), (count(s_1.id))
               ->  Sort  (cost=323653.79..324014.59 rows=144321 width=56) (actual time=1287.537..1303.291 rows=144000 loops=1)
                     Sort Key: r.id, (((bs.city || ', '::text) || bs.name)), (count(t.id)), (count(s_1.id))
                     Sort Method: external merge  Disk: 7864kB
                     ->  Hash Join  (cost=257427.00..306351.26 rows=144321 width=56) (actual time=869.295..1256.126 rows=144000 loops=1)
                           Hash Cond: (r.fkbus = s_1.fkbus)
                           ->  Nested Loop  (cost=257421.89..304924.58 rows=144321 width=84) (actual time=869.098..1211.753 rows=144000 loops=1)
                                 ->  Hash Join  (cost=257421.75..301489.98 rows=144321 width=24) (actual time=869.026..1152.435 rows=144000 loops=1)
                                       Hash Cond: (s.fkroute = br.id)
                                       ->  Hash Join  (cost=257419.40..301082.04 rows=144321 width=24) (actual time=868.988..1124.312 rows=144000 loops=1)
                                             Hash Cond: (r.fkschedule = s.id)
                                             ->  Merge Join  (cost=257376.00..300658.68 rows=144321 width=24) (actual time=868.400..1090.849 rows=144000 loops=1)
                                                   Merge Cond: (r.id = t.fkride)
                                                   ->  Index Scan using ride_pkey on ride r  (cost=0.42..4555.42 rows=144000 width=16) (actual time=0.065..25.711 rows=144000 loops=1)
                                                   ->  Finalize GroupAggregate  (cost=257375.58..293939.25 rows=144321 width=12) (actual time=868.318..1022.909 rows=144000 loops=1)
                                                         Group Key: t.fkride
                                                         ->  Gather Merge  (cost=257375.58..291052.83 rows=288642 width=12) (actual time=868.278..947.120 rows=431940 loops=1)
                                                               Workers Planned: 2
                                                               Workers Launched: 2
                                                               ->  Sort  (cost=256375.55..256736.36 rows=144321 width=12) (actual time=849.968..863.982 rows=143980 loops=3)
                                                                     Sort Key: t.fkride
                                                                     Sort Method: external merge  Disk: 3672kB
                                                                     Worker 0:  Sort Method: external merge  Disk: 3672kB
                                                                     Worker 1:  Sort Method: external merge  Disk: 3672kB
                                                                     ->  Partial HashAggregate  (cost=218997.44..241540.52 rows=144321 width=12) (actual time=648.029..809.589 rows=143980 loops=3)
                                                                           Group Key: t.fkride
                                                                           Planned Partitions: 4  Batches: 5  Memory Usage: 8241kB  Disk Usage: 27584kB
                                                                           Worker 0:  Batches: 5  Memory Usage: 8241kB  Disk Usage: 27408kB
                                                                           Worker 1:  Batches: 5  Memory Usage: 8241kB  Disk Usage: 27480kB
                                                                           ->  Parallel Seq Scan on tickets t  (cost=0.00..80582.27 rows=2160627 width=12) (actual time=0.046..133.391 rows=1728502 loops=3)
                                             ->  Hash  (cost=25.40..25.40 rows=1440 width=8) (actual time=0.577..0.579 rows=1440 loops=1)
                                                   Buckets: 2048  Batches: 1  Memory Usage: 73kB
                                                   ->  Seq Scan on schedule s  (cost=0.00..25.40 rows=1440 width=8) (actual time=0.007..0.322 rows=1440 loops=1)
                                       ->  Hash  (cost=1.60..1.60 rows=60 width=8) (actual time=0.029..0.030 rows=60 loops=1)
                                             Buckets: 1024  Batches: 1  Memory Usage: 11kB
                                             ->  Seq Scan on busroute br  (cost=0.00..1.60 rows=60 width=8) (actual time=0.010..0.016 rows=60 loops=1)
                                 ->  Memoize  (cost=0.15..0.36 rows=1 width=68) (actual time=0.000..0.000 rows=1 loops=144000)
                                       Cache Key: br.fkbusstationfrom
                                       Cache Mode: logical
                                       Hits: 143990  Misses: 10  Evictions: 0  Overflows: 0  Memory Usage: 2kB
                                       ->  Index Scan using busstation_pkey on busstation bs  (cost=0.14..0.35 rows=1 width=68) (actual time=0.007..0.007 rows=1 loops=10)
                                             Index Cond: (id = br.fkbusstationfrom)
                           ->  Hash  (cost=5.05..5.05 rows=5 width=12) (actual time=0.169..0.170 rows=5 loops=1)
                                 Buckets: 1024  Batches: 1  Memory Usage: 9kB
                                 ->  HashAggregate  (cost=5.00..5.05 rows=5 width=12) (actual time=0.162..0.164 rows=5 loops=1)
                                       Group Key: s_1.fkbus
                                       Batches: 1  Memory Usage: 24kB
                                       ->  Seq Scan on seat s_1  (cost=0.00..4.00 rows=200 width=8) (actual time=0.049..0.073 rows=200 loops=1)
 Planning Time: 3.195 ms
 JIT:
   Functions: 84
   Options: Inlining false, Optimization false, Expressions true, Deforming true
   Timing: Generation 6.646 ms (Deform 2.299 ms), Inlining 0.000 ms, Optimization 2.981 ms, Emission 52.571 ms, Total 62.197 ms
 Execution Time: 1422.075 ms
(59 rows)
*/

-- в индексы мы не попадаем. Скорее всего это связано с количеством записей в таблицах (их слишком мало). Для таблицы tickets из сте order_place - используется группировка, так что в индекс также не попадаем
select count(*) from book.ride;  -- 144000
select count(*) from book.schedule;  -- 1440
select count(*) from book.busroute;  -- 60
select count(*) from book.busstation;  -- 10
select count(*) from book.seat;  -- 200
select count(*) from book.tickets;  -- 5185505

-- проверим теорию, проанализировав небольшие запросы
explain analyze
select *
from book.tickets t
join book.ride r on t.fkride = r.id
where r.id = 1;
/*
                                                              QUERY PLAN                                                              
--------------------------------------------------------------------------------------------------------------------------------------
 Nested Loop  (cost=5.14..159.21 rows=37 width=77) (actual time=1.058..17.394 rows=38 loops=1)
   ->  Index Scan using ride_pkey on ride r  (cost=0.42..8.44 rows=1 width=16) (actual time=0.196..0.202 rows=1 loops=1)
         Index Cond: (id = 1)
   ->  Bitmap Heap Scan on tickets t  (cost=4.72..150.40 rows=37 width=61) (actual time=0.845..17.131 rows=38 loops=1)
         Recheck Cond: (fkride = 1)
         Heap Blocks: exact=38
         ->  Bitmap Index Scan on tickets_fkride_fk_idx  (cost=0.00..4.71 rows=37 width=0) (actual time=0.688..0.688 rows=38 loops=1)
               Index Cond: (fkride = 1)
 Planning Time: 2.083 ms
 Execution Time: 17.976 ms
*/
explain analyze
select *
FROM book.busroute br
JOIN book.busstation bs
      on br.fkbusstationfrom = bs.id
where fkbusstationfrom = 1
;
/*
                                                  QUERY PLAN                                                  
--------------------------------------------------------------------------------------------------------------
 Nested Loop  (cost=0.00..2.94 rows=7 width=52) (actual time=0.118..0.130 rows=7 loops=1)
   ->  Seq Scan on busstation bs  (cost=0.00..1.12 rows=1 width=20) (actual time=0.086..0.088 rows=1 loops=1)
         Filter: (id = 1)
         Rows Removed by Filter: 9
   ->  Seq Scan on busroute br  (cost=0.00..1.75 rows=7 width=32) (actual time=0.028..0.035 rows=7 loops=1)
         Filter: (fkbusstationfrom = 1)
         Rows Removed by Filter: 53
 Planning Time: 1.586 ms
 Execution Time: 0.467 ms
(9 rows)
*/

explain analyze
select *
FROM book.seat br
where fkbus = 1;
/*
                                             QUERY PLAN                                             
----------------------------------------------------------------------------------------------------
 Seq Scan on seat br  (cost=0.00..4.50 rows=40 width=16) (actual time=0.058..0.140 rows=40 loops=1)
   Filter: (fkbus = 1)
   Rows Removed by Filter: 160
 Planning Time: 0.551 ms
 Execution Time: 0.181 ms
(5 rows
*/
explain analyze
select *
FROM book.busroute br
where fkbusstationfrom = 1;
/*
                                              QUERY PLAN                                              
------------------------------------------------------------------------------------------------------
 Seq Scan on busroute br  (cost=0.00..1.75 rows=7 width=32) (actual time=0.021..0.027 rows=7 loops=1)
   Filter: (fkbusstationfrom = 1)
   Rows Removed by Filter: 53
 Planning Time: 0.133 ms
 Execution Time: 0.070 ms
(5 rows)
*/
explain analyze
select *
FROM book.schedule br
where fkroute = 1;
/*
                                                            QUERY PLAN                                                            
----------------------------------------------------------------------------------------------------------------------------------
 Bitmap Heap Scan on schedule br  (cost=4.46..15.76 rows=24 width=29) (actual time=0.536..0.753 rows=24 loops=1)
   Recheck Cond: (fkroute = 1)
   Heap Blocks: exact=11
   ->  Bitmap Index Scan on schedule_fkroute_fk_idx  (cost=0.00..4.46 rows=24 width=0) (actual time=0.494..0.495 rows=24 loops=1)
         Index Cond: (fkroute = 1)
 Planning Time: 0.183 ms
 Execution Time: 0.903 ms
(7 rows)
*/
```
Вывод - навешивание индексов не всегда помогает (когда таблицы маленькие, когда используются блокировки)
